0 N : (1, 0, 0) (14, 0, 1) (34, 0, 0) 
1 N : (0, 0, 0) (6, 0, 2) (18, 0, 3) (7, 0, 2) (9, 0, 4) (19, 0, 2) (20, 0, 1) (25, 0, 1) 
2 N : (3, 0, 0) (4, 0, 0) (32, 0, 1) 
3 N : (2, 0, 0) (15, 0, 1) (4, 0, 5) (7, 0, 4) (30, 0, 4) 
4 N : (2, 0, 1) (11, 0, 0) (15, 0, 0) (6, 0, 4) (28, 0, 1) (3, 0, 2) (21, 0, 1) (32, 0, 0) (19, 0, 4) (8, 0, 1) 
5 N : (6, 0, 0) (30, 0, 2) (27, 0, 2) 
6 N : (5, 0, 0) (18, 0, 0) (1, 0, 1) (19, 0, 1) (4, 0, 3) (7, 0, 3) (36, 0, 0) 
7 N : (8, 0, 0) (21, 0, 0) (1, 0, 3) (6, 0, 5) (3, 0, 3) (11, 0, 2) (28, 0, 3) (19, 0, 5) 
8 N : (7, 0, 0) (4, 0, 9) 
9 N : (10, 0, 0) (14, 0, 0) (20, 0, 0) (25, 0, 0) (1, 0, 4) 
10 N : (9, 0, 0) 
11 N : (4, 0, 1) (18, 0, 1) (7, 0, 5) (19, 0, 3) 
12 N : (13, 0, 0) (18, 0, 4) (33, 0, 1) 
13 N : (12, 0, 0) (33, 0, 0) 
14 N : (9, 0, 1) (0, 0, 1) 
15 N : (4, 0, 2) (3, 0, 1) (30, 0, 0) (26, 0, 1) 
16 N : (17, 0, 0) (22, 0, 1) 
17 N : (16, 0, 0) (22, 0, 0) (23, 0, 1) 
18 N : (6, 0, 1) (11, 0, 1) (19, 0, 0) (1, 0, 2) (12, 0, 1) 
19 N : (18, 0, 2) (6, 0, 3) (1, 0, 5) (11, 0, 3) (4, 0, 8) (7, 0, 7) 
20 N : (9, 0, 2) (1, 0, 6) (25, 0, 2) 
21 N : (7, 0, 1) (4, 0, 6) 
22 N : (17, 0, 1) (16, 0, 1) 
23 N : (24, 0, 0) (17, 0, 2) 
24 N : (23, 0, 0) (31, 0, 0) 
25 N : (9, 0, 3) (1, 0, 7) (20, 0, 2) 
26 N : (27, 0, 0) (15, 0, 3) 
27 N : (26, 0, 0) (30, 0, 1) (5, 0, 2) 
28 N : (29, 0, 0) (4, 0, 4) (30, 0, 3) (7, 0, 6) 
29 N : (28, 0, 0) 
30 N : (15, 0, 2) (27, 0, 1) (5, 0, 1) (28, 0, 2) (3, 0, 4) 
31 N : (24, 0, 1) (35, 0, 0) 
32 N : (4, 0, 7) (2, 0, 2) 
33 N : (13, 0, 1) (12, 0, 2) 
34 N : (0, 0, 2) 
35 N : (31, 0, 1) 
36 N : (6, 0, 6) 
Czy pusty: 0 0 Num = (37, 37) In N = 37 in X = (0, 0) in D = (0, 0) in U = (0, 0)
=U
=X
Starting to calculate LP...
x[0] = 0
x[1] = 1
x[2] = 0
x[3] = 0
x[4] = 1
x[5] = 0
x[6] = 0
x[7] = 1
x[8] = 0
x[9] = 1
x[10] = 0
x[11] = 0
x[12] = 1
x[13] = 0
x[14] = 0
x[15] = 0
x[16] = 0
x[17] = 0
x[18] = 0
x[19] = 1
x[20] = 0
x[21] = 0
x[22] = 1
x[23] = 0
x[24] = 0
x[25] = 0
x[26] = 0
x[27] = 0
x[28] = 0
x[29] = 0
x[30] = 1
x[31] = 0
x[32] = 0
x[33] = 0
x[34] = 0
x[35] = 0
x[36] = 0
0 N : (34, 0, 0) (14, 0, 0) 
1 N : 
2 N : (3, 0, 0) (32, 0, 0) 
3 N : (2, 0, 0) (15, 0, 1) 
4 N : 
5 N : (6, 0, 0) (27, 0, 1) 
6 N : (5, 0, 0) (18, 0, 0) (36, 0, 0) 
7 N : 
8 N : 
9 N : 
10 N : 
11 N : (18, 0, 1) 
12 N : 
13 N : (33, 0, 0) 
14 N : (0, 0, 1) 
15 N : (26, 0, 1) (3, 0, 1) 
16 N : (17, 0, 0) 
17 N : (16, 0, 0) (23, 0, 1) 
18 N : (6, 0, 1) (11, 0, 0) 
19 N : 
20 N : (25, 0, 0) 
21 N : 
22 N : 
23 N : (24, 0, 0) (17, 0, 1) 
24 N : (23, 0, 0) (31, 0, 0) 
25 N : (20, 0, 0) 
26 N : (27, 0, 0) (15, 0, 0) 
27 N : (26, 0, 0) (5, 0, 1) 
28 N : (29, 0, 0) 
29 N : (28, 0, 0) 
30 N : 
31 N : (24, 0, 1) (35, 0, 0) 
32 N : (2, 0, 1) 
33 N : (13, 0, 0) 
34 N : (0, 0, 0) 
35 N : (31, 0, 1) 
36 N : (6, 0, 2) 
Czy pusty: 0 1 Num = (37, 37) In N = 37 in X = (0, 0) in D = (0, 0) in U = (0, 0)
=U
=X
Is acyclic: true
Final solution: 
