0 N : (1, 0, 0) (122, 0, 0) (42, 0, 11) 
1 N : (0, 0, 0) (83, 0, 2) (49, 0, 1) (280, 0, 0) (206, 0, 1) (301, 0, 1) (117, 0, 3) (136, 0, 2) (212, 0, 3) (283, 0, 2) (216, 0, 3) (269, 0, 2) 
2 N : (3, 0, 0) (73, 0, 4) (11, 0, 6) (19, 0, 8) 
3 N : (2, 0, 0) (56, 0, 0) (70, 0, 0) (71, 0, 0) (127, 0, 0) (277, 0, 0) (59, 0, 3) (10, 0, 3) (288, 0, 1) (272, 0, 3) (237, 0, 3) (219, 0, 2) (74, 0, 3) (198, 0, 2) (327, 0, 3) (211, 0, 3) 
4 N : (5, 0, 0) (19, 0, 0) (96, 0, 12) (30, 0, 10) 
5 N : (4, 0, 0) (35, 0, 1) (209, 0, 0) (125, 0, 1) (278, 0, 0) (230, 0, 1) (223, 0, 2) (147, 0, 3) (188, 0, 1) (235, 0, 2) (186, 0, 1) (18, 0, 2) (260, 0, 2) (121, 0, 2) (139, 0, 3) (95, 0, 3) 
6 N : (7, 0, 0) (141, 0, 1) (85, 0, 4) (65, 0, 7) 
7 N : (6, 0, 0) (75, 0, 0) (90, 0, 0) (202, 0, 0) (39, 0, 1) (248, 0, 0) (169, 0, 1) (224, 0, 2) (140, 0, 1) (279, 0, 3) (271, 0, 3) (84, 0, 2) (150, 0, 2) (45, 0, 3) (143, 0, 3) (189, 0, 3) 
8 N : (9, 0, 0) (67, 0, 2) (105, 0, 5) 
9 N : (8, 0, 0) (83, 0, 1) (176, 0, 0) (269, 0, 0) (212, 0, 1) (280, 0, 1) (49, 0, 2) (66, 0, 2) (117, 0, 2) (331, 0, 1) (216, 0, 2) (301, 0, 2) 
10 N : (11, 0, 0) (73, 0, 2) (19, 0, 4) (3, 0, 7) 
11 N : (10, 0, 0) (74, 0, 0) (112, 0, 2) (56, 0, 1) (71, 0, 1) (264, 0, 0) (2, 0, 2) (272, 0, 0) (275, 0, 0) (217, 0, 1) (244, 0, 2) (211, 0, 2) (287, 0, 3) (326, 0, 2) (70, 0, 3) (252, 0, 3) 
12 N : (13, 0, 0) (34, 0, 1) (197, 0, 0) (100, 0, 15) 
13 N : (12, 0, 0) (55, 0, 0) (69, 0, 0) (128, 0, 0) (148, 0, 1) (156, 0, 0) (171, 0, 0) (240, 0, 1) (229, 0, 1) (324, 0, 1) (170, 0, 3) (109, 0, 3) (329, 0, 2) (106, 0, 2) (321, 0, 3) (256, 0, 2) 
14 N : (15, 0, 0) (153, 0, 2) (30, 0, 9) (38, 0, 15) 
15 N : (14, 0, 0) (18, 0, 0) (121, 0, 0) (125, 0, 0) (184, 0, 0) (188, 0, 0) (218, 0, 0) (241, 0, 0) (35, 0, 2) (29, 0, 2) (243, 0, 1) (231, 0, 3) (223, 0, 3) (57, 0, 3) (278, 0, 3) (186, 0, 3) 
16 N : (17, 0, 0) (165, 0, 2) (96, 0, 11) (178, 0, 10) 
17 N : (16, 0, 0) (131, 0, 0) (79, 0, 2) (220, 0, 0) (174, 0, 1) (290, 0, 0) (166, 0, 3) (319, 0, 0) (119, 0, 2) (163, 0, 3) (213, 0, 2) (304, 0, 3) (205, 0, 3) (312, 0, 3) (234, 0, 3) (161, 0, 3) 
18 N : (15, 0, 1) (185, 0, 9) (5, 0, 11) (36, 0, 15) 
19 N : (4, 0, 1) (139, 0, 0) (95, 0, 1) (211, 0, 0) (10, 0, 2) (147, 0, 1) (272, 0, 1) (235, 0, 1) (2, 0, 3) (260, 0, 1) (230, 0, 2) (74, 0, 2) (56, 0, 3) (70, 0, 2) (71, 0, 3) (209, 0, 2) 
20 N : (21, 0, 0) (34, 0, 3) (309, 0, 0) (85, 0, 14) (108, 0, 15) 
21 N : (20, 0, 0) (58, 0, 0) (87, 0, 0) (187, 0, 1) (236, 0, 1) (297, 0, 0) (303, 0, 1) (328, 0, 0) (173, 0, 3) (330, 0, 1) (33, 0, 3) (183, 0, 3) 
22 N : (23, 0, 0) (98, 0, 1) (93, 0, 7) (60, 0, 10) 
23 N : (22, 0, 0) (101, 0, 2) (195, 0, 0) (118, 0, 2) (157, 0, 1) (92, 0, 2) (222, 0, 1) (282, 0, 1) (179, 0, 1) (289, 0, 1) (314, 0, 0) (168, 0, 3) (31, 0, 2) (316, 0, 1) (201, 0, 3) (323, 0, 3) 
24 N : (25, 0, 0) (111, 0, 1) (215, 0, 4) (93, 0, 11) 
25 N : (24, 0, 0) (28, 0, 0) (217, 0, 0) (252, 0, 0) (244, 0, 1) (287, 0, 0) (264, 0, 2) (112, 0, 3) (116, 0, 2) (160, 0, 1) (275, 0, 2) (320, 0, 1) (255, 0, 3) (334, 0, 0) (317, 0, 3) (326, 0, 3) 
26 N : (27, 0, 0) (113, 0, 2) (135, 0, 7) 
27 N : (26, 0, 0) (114, 0, 1) (177, 0, 0) (134, 0, 1) (251, 0, 0) (193, 0, 2) (325, 0, 0) (291, 0, 2) (124, 0, 3) (151, 0, 2) (107, 0, 2) (295, 0, 3) 
28 N : (25, 0, 1) (93, 0, 5) (111, 0, 3) (215, 0, 12) 
29 N : (30, 0, 0) (153, 0, 3) (15, 0, 9) (38, 0, 12) 
30 N : (29, 0, 0) (57, 0, 0) (230, 0, 0) (231, 0, 0) (241, 0, 1) (184, 0, 2) (139, 0, 2) (218, 0, 1) (147, 0, 2) (14, 0, 2) (4, 0, 3) (95, 0, 2) (235, 0, 3) (243, 0, 2) (260, 0, 3) (209, 0, 3) 
31 N : (32, 0, 0) (146, 0, 0) (23, 0, 12) (102, 0, 14) 
32 N : (31, 0, 0) (118, 0, 0) (133, 0, 0) (179, 0, 0) (101, 0, 1) (123, 0, 1) (250, 0, 1) (72, 0, 1) (201, 0, 1) (313, 0, 0) (323, 0, 1) (282, 0, 3) (222, 0, 2) (41, 0, 3) (257, 0, 2) (172, 0, 3) 
33 N : (34, 0, 0) (108, 0, 13) (85, 0, 13) (21, 0, 10) 
34 N : (33, 0, 0) (12, 0, 1) (183, 0, 0) (20, 0, 1) (156, 0, 1) (236, 0, 3) (173, 0, 2) (303, 0, 2) (87, 0, 3) (324, 0, 2) (109, 0, 2) (321, 0, 2) (128, 0, 1) (187, 0, 3) (329, 0, 3) (229, 0, 3) 
35 N : (36, 0, 0) (5, 0, 1) (15, 0, 8) (185, 0, 11) 
36 N : (35, 0, 0) (61, 0, 1) (223, 0, 0) (238, 0, 0) (259, 0, 0) (278, 0, 1) (137, 0, 1) (188, 0, 3) (186, 0, 2) (76, 0, 3) (208, 0, 2) (121, 0, 3) (293, 0, 3) (125, 0, 3) (268, 0, 2) (18, 0, 3) 
37 N : (38, 0, 0) (135, 0, 3) (228, 0, 10) (130, 0, 11) 
38 N : (37, 0, 0) (132, 0, 0) (180, 0, 0) (184, 0, 1) (243, 0, 0) (196, 0, 2) (267, 0, 0) (231, 0, 2) (241, 0, 2) (263, 0, 2) (218, 0, 2) (57, 0, 2) (29, 0, 3) (152, 0, 3) (305, 0, 3) (14, 0, 3) 
39 N : (40, 0, 0) (7, 0, 4) (46, 0, 5) (89, 0, 11) 
40 N : (39, 0, 0) (50, 0, 2) (68, 0, 2) (103, 0, 3) (75, 0, 1) (150, 0, 1) (299, 0, 0) (86, 0, 2) (189, 0, 2) (90, 0, 3) (169, 0, 3) (45, 0, 2) (143, 0, 2) (310, 0, 3) (273, 0, 2) (242, 0, 3) 
41 N : (42, 0, 0) (73, 0, 8) (63, 0, 9) (32, 0, 13) 
42 N : (41, 0, 0) (206, 0, 0) (250, 0, 0) (283, 0, 1) (123, 0, 3) (136, 0, 1) (172, 0, 1) (72, 0, 2) (257, 0, 1) (313, 0, 2) (133, 0, 3) (0, 0, 2) 
43 N : (44, 0, 0) (98, 0, 6) (215, 0, 2) (182, 0, 6) 
44 N : (43, 0, 0) (91, 0, 0) (194, 0, 0) (142, 0, 2) (54, 0, 2) (233, 0, 1) (246, 0, 1) (52, 0, 1) (97, 0, 1) (227, 0, 1) (298, 0, 1) (221, 0, 3) (190, 0, 3) (81, 0, 3) (300, 0, 3) (214, 0, 3) 
45 N : (46, 0, 0) (89, 0, 2) (40, 0, 11) (7, 0, 13) 
46 N : (45, 0, 0) (126, 0, 0) (143, 0, 0) (189, 0, 0) (154, 0, 1) (39, 0, 2) (90, 0, 2) (181, 0, 1) (204, 0, 2) (169, 0, 2) (276, 0, 3) (192, 0, 3) (104, 0, 2) (75, 0, 3) (150, 0, 3) (296, 0, 3) 
47 N : (48, 0, 0) (100, 0, 2) (178, 0, 0) (130, 0, 7) 
48 N : (47, 0, 0) (49, 0, 0) (175, 0, 0) (99, 0, 1) (216, 0, 0) (232, 0, 0) (117, 0, 1) (301, 0, 0) (239, 0, 1) (318, 0, 0) (281, 0, 2) (129, 0, 2) (83, 0, 3) (280, 0, 3) (212, 0, 2) (269, 0, 3) 
49 N : (48, 0, 1) (1, 0, 2) (9, 0, 6) (82, 0, 14) 
50 N : (51, 0, 0) (65, 0, 0) (40, 0, 1) (94, 0, 4) 
51 N : (50, 0, 0) (64, 0, 0) (86, 0, 0) (103, 0, 0) (68, 0, 3) (284, 0, 0) (306, 0, 0) (242, 0, 1) (310, 0, 0) (299, 0, 1) (273, 0, 1) (315, 0, 1) 
52 N : (53, 0, 0) (44, 0, 7) (63, 0, 10) (82, 0, 13) 
53 N : (52, 0, 0) (54, 0, 0) (81, 0, 1) (167, 0, 0) (199, 0, 0) (221, 0, 0) (249, 0, 0) (191, 0, 2) (190, 0, 2) (300, 0, 0) (194, 0, 2) (247, 0, 1) (286, 0, 1) (142, 0, 3) (258, 0, 2) (265, 0, 3) 
54 N : (53, 0, 1) (63, 0, 0) (44, 0, 4) (82, 0, 7) 
55 N : (13, 0, 1) (102, 0, 9) (78, 0, 7) (149, 0, 13) 
56 N : (3, 0, 1) (11, 0, 3) (73, 0, 10) (19, 0, 12) 
57 N : (30, 0, 1) (153, 0, 8) (38, 0, 11) (15, 0, 13) 
58 N : (21, 0, 1) (162, 0, 8) (226, 0, 10) 
59 N : (60, 0, 0) (153, 0, 0) (155, 0, 4) (3, 0, 6) 
60 N : (59, 0, 0) (168, 0, 0) (127, 0, 1) (237, 0, 0) (277, 0, 1) (92, 0, 3) (327, 0, 0) (288, 0, 2) (195, 0, 1) (157, 0, 2) (22, 0, 3) (289, 0, 3) (316, 0, 2) (219, 0, 3) (314, 0, 2) (198, 0, 3) 
61 N : (62, 0, 0) (36, 0, 1) (67, 0, 6) (270, 0, 5) 
62 N : (61, 0, 0) (124, 0, 0) (137, 0, 0) (107, 0, 1) (151, 0, 0) (208, 0, 0) (76, 0, 1) (251, 0, 1) (268, 0, 0) (295, 0, 0) (238, 0, 2) (114, 0, 3) (193, 0, 3) (293, 0, 2) (259, 0, 3) (291, 0, 3) 
63 N : (54, 0, 1) (123, 0, 0) (142, 0, 0) (190, 0, 0) (221, 0, 1) (194, 0, 1) (172, 0, 2) (72, 0, 3) (250, 0, 2) (41, 0, 2) (52, 0, 2) (133, 0, 2) (81, 0, 2) (300, 0, 2) (257, 0, 3) (313, 0, 3) 
64 N : (51, 0, 1) (203, 0, 0) (197, 0, 2) 
65 N : (50, 0, 1) (68, 0, 0) (103, 0, 2) (242, 0, 0) (84, 0, 1) (224, 0, 1) (273, 0, 0) (6, 0, 3) (248, 0, 2) (271, 0, 1) (279, 0, 1) (310, 0, 1) (140, 0, 3) (86, 0, 3) (299, 0, 3) (202, 0, 3) 
66 N : (67, 0, 0) (105, 0, 10) (9, 0, 7) 
67 N : (66, 0, 0) (76, 0, 0) (8, 0, 1) (259, 0, 1) (268, 0, 1) (293, 0, 1) (61, 0, 2) (137, 0, 3) (331, 0, 0) (208, 0, 1) (176, 0, 2) (238, 0, 3) 
68 N : (65, 0, 1) (94, 0, 3) (40, 0, 2) (51, 0, 4) 
69 N : (13, 0, 2) (78, 0, 5) (102, 0, 15) (149, 0, 14) 
70 N : (3, 0, 2) (73, 0, 3) (19, 0, 13) (11, 0, 14) 
71 N : (3, 0, 3) (11, 0, 4) (73, 0, 6) (19, 0, 14) 
72 N : (73, 0, 0) (32, 0, 7) (42, 0, 7) (63, 0, 7) 
73 N : (72, 0, 0) (172, 0, 0) (10, 0, 1) (70, 0, 1) (2, 0, 1) (257, 0, 0) (71, 0, 2) (123, 0, 2) (41, 0, 1) (272, 0, 2) (56, 0, 2) (74, 0, 1) (313, 0, 1) (211, 0, 1) (133, 0, 1) (250, 0, 3) 
74 N : (11, 0, 1) (73, 0, 11) (19, 0, 11) (3, 0, 12) 
75 N : (7, 0, 1) (40, 0, 4) (89, 0, 8) (46, 0, 13) 
76 N : (67, 0, 1) (62, 0, 6) (270, 0, 0) (36, 0, 9) 
77 N : (78, 0, 0) (141, 0, 11) (165, 0, 12) (159, 0, 14) 
78 N : (77, 0, 0) (170, 0, 0) (210, 0, 0) (253, 0, 0) (266, 0, 1) (69, 0, 1) (200, 0, 3) (55, 0, 2) (256, 0, 1) (171, 0, 3) (294, 0, 3) (254, 0, 2) (240, 0, 3) (148, 0, 3) (164, 0, 2) (106, 0, 3) 
79 N : (80, 0, 0) (120, 0, 2) (17, 0, 2) (162, 0, 11) 
80 N : (79, 0, 0) (163, 0, 0) (191, 0, 0) (161, 0, 1) (199, 0, 2) (166, 0, 2) (119, 0, 1) (167, 0, 1) (220, 0, 1) (131, 0, 1) (312, 0, 0) (247, 0, 2) (249, 0, 2) (265, 0, 2) (286, 0, 2) (258, 0, 3) 
81 N : (82, 0, 0) (53, 0, 2) (63, 0, 12) (44, 0, 13) 
82 N : (81, 0, 0) (83, 0, 0) (117, 0, 0) (142, 0, 1) (212, 0, 0) (190, 0, 1) (280, 0, 2) (54, 0, 3) (221, 0, 2) (300, 0, 1) (269, 0, 1) (216, 0, 1) (194, 0, 3) (52, 0, 3) (49, 0, 3) (301, 0, 3) 
83 N : (82, 0, 1) (9, 0, 1) (1, 0, 1) (48, 0, 12) 
84 N : (85, 0, 0) (65, 0, 4) (7, 0, 11) (141, 0, 14) 
85 N : (84, 0, 0) (173, 0, 0) (187, 0, 0) (236, 0, 0) (6, 0, 2) (271, 0, 0) (279, 0, 0) (202, 0, 1) (183, 0, 1) (87, 0, 2) (303, 0, 3) (140, 0, 2) (248, 0, 3) (33, 0, 2) (20, 0, 3) (224, 0, 3) 
86 N : (51, 0, 2) (94, 0, 0) (40, 0, 7) (65, 0, 13) 
87 N : (21, 0, 2) (108, 0, 3) (85, 0, 9) (34, 0, 8) 
88 N : (89, 0, 0) (146, 0, 4) (145, 0, 9) 
89 N : (88, 0, 0) (150, 0, 0) (45, 0, 1) (169, 0, 0) (189, 0, 1) (90, 0, 1) (308, 0, 0) (143, 0, 1) (75, 0, 2) (144, 0, 1) (158, 0, 1) (39, 0, 3) 
90 N : (7, 0, 2) (89, 0, 5) (46, 0, 6) (40, 0, 9) 
91 N : (44, 0, 1) (98, 0, 4) (215, 0, 5) (182, 0, 11) 
92 N : (93, 0, 0) (98, 0, 3) (23, 0, 5) (60, 0, 5) 
93 N : (92, 0, 0) (116, 0, 0) (160, 0, 0) (255, 0, 0) (289, 0, 0) (28, 0, 1) (316, 0, 0) (22, 0, 2) (314, 0, 1) (317, 0, 0) (168, 0, 2) (24, 0, 3) (157, 0, 3) (320, 0, 2) (334, 0, 1) (195, 0, 3) 
94 N : (86, 0, 1) (103, 0, 1) (138, 0, 0) (68, 0, 1) (50, 0, 3) (207, 0, 1) (307, 0, 0) (299, 0, 2) (310, 0, 2) (322, 0, 2) (273, 0, 3) (242, 0, 2) 
95 N : (96, 0, 0) (19, 0, 2) (30, 0, 11) (5, 0, 15) 
96 N : (95, 0, 0) (147, 0, 0) (174, 0, 0) (205, 0, 0) (213, 0, 0) (235, 0, 0) (260, 0, 0) (139, 0, 1) (209, 0, 1) (304, 0, 0) (234, 0, 2) (16, 0, 2) (4, 0, 2) (319, 0, 3) (290, 0, 3) (230, 0, 3) 
97 N : (98, 0, 0) (44, 0, 8) (215, 0, 8) (182, 0, 9) 
98 N : (97, 0, 0) (22, 0, 1) (157, 0, 0) (92, 0, 1) (91, 0, 1) (227, 0, 0) (43, 0, 1) (246, 0, 0) (233, 0, 2) (214, 0, 1) (289, 0, 2) (168, 0, 1) (298, 0, 2) (316, 0, 3) (195, 0, 2) (314, 0, 3) 
99 N : (100, 0, 0) (48, 0, 3) (130, 0, 10) (178, 0, 15) 
100 N : (99, 0, 0) (109, 0, 0) (47, 0, 1) (229, 0, 0) (129, 0, 1) (281, 0, 1) (232, 0, 2) (239, 0, 3) (318, 0, 1) (321, 0, 1) (329, 0, 0) (175, 0, 2) (128, 0, 2) (156, 0, 3) (324, 0, 3) (12, 0, 3) 
101 N : (102, 0, 0) (32, 0, 4) (23, 0, 1) (146, 0, 2) 
102 N : (101, 0, 0) (106, 0, 0) (118, 0, 1) (201, 0, 0) (222, 0, 0) (170, 0, 1) (171, 0, 1) (256, 0, 0) (282, 0, 0) (55, 0, 1) (323, 0, 0) (148, 0, 2) (179, 0, 2) (240, 0, 2) (31, 0, 3) (69, 0, 2) 
103 N : (51, 0, 3) (94, 0, 1) (65, 0, 2) (40, 0, 3) 
104 N : (105, 0, 0) (155, 0, 1) (46, 0, 12) (182, 0, 12) 
105 N : (104, 0, 0) (176, 0, 1) (192, 0, 0) (204, 0, 0) (154, 0, 3) (8, 0, 2) (276, 0, 1) (126, 0, 2) (181, 0, 2) (296, 0, 1) (66, 0, 1) (331, 0, 2) 
106 N : (102, 0, 1) (149, 0, 12) (13, 0, 13) (78, 0, 15) 
107 N : (108, 0, 0) (62, 0, 3) (27, 0, 10) (115, 0, 11) 
108 N : (107, 0, 0) (193, 0, 0) (124, 0, 1) (87, 0, 1) (173, 0, 1) (151, 0, 1) (291, 0, 1) (303, 0, 0) (295, 0, 1) (236, 0, 2) (187, 0, 2) (183, 0, 2) (114, 0, 2) (33, 0, 1) (251, 0, 3) (20, 0, 4) 
109 N : (100, 0, 1) (197, 0, 1) (34, 0, 10) (13, 0, 11) 
110 N : (111, 0, 0) (120, 0, 1) (270, 0, 3) 
111 N : (110, 0, 0) (24, 0, 1) (285, 0, 0) (28, 0, 2) (255, 0, 2) (311, 0, 0) (320, 0, 0) (317, 0, 1) (160, 0, 3) (333, 0, 1) (116, 0, 3) (334, 0, 2) 
112 N : (113, 0, 0) (159, 0, 0) (11, 0, 2) (25, 0, 7) 
113 N : (112, 0, 0) (244, 0, 0) (26, 0, 1) (177, 0, 1) (264, 0, 1) (217, 0, 2) (275, 0, 1) (287, 0, 2) (134, 0, 2) (252, 0, 2) (326, 0, 1) (325, 0, 2) 
114 N : (115, 0, 0) (27, 0, 1) (108, 0, 12) (62, 0, 11) 
115 N : (114, 0, 0) (193, 0, 1) (291, 0, 0) (307, 0, 1) (295, 0, 2) (251, 0, 2) (124, 0, 2) (322, 0, 1) (138, 0, 2) (151, 0, 3) (207, 0, 2) (107, 0, 3) 
116 N : (93, 0, 1) (215, 0, 1) (25, 0, 8) (111, 0, 10) 
117 N : (82, 0, 2) (48, 0, 6) (9, 0, 8) (1, 0, 6) 
118 N : (32, 0, 1) (102, 0, 2) (23, 0, 3) (146, 0, 3) 
119 N : (120, 0, 0) (80, 0, 6) (17, 0, 8) (162, 0, 9) 
120 N : (119, 0, 0) (110, 0, 1) (79, 0, 1) (163, 0, 1) (166, 0, 1) (285, 0, 1) (131, 0, 2) (311, 0, 1) (312, 0, 2) (333, 0, 0) (220, 0, 2) (161, 0, 2) 
121 N : (15, 0, 2) (185, 0, 0) (5, 0, 13) (36, 0, 11) 
122 N : (0, 0, 1) (136, 0, 0) (283, 0, 0) (274, 0, 1) (245, 0, 1) (292, 0, 2) (302, 0, 3) (262, 0, 1) (225, 0, 2) (261, 0, 3) (206, 0, 2) (332, 0, 3) 
123 N : (63, 0, 1) (32, 0, 5) (73, 0, 7) (42, 0, 4) 
124 N : (62, 0, 1) (108, 0, 2) (115, 0, 6) (27, 0, 8) 
125 N : (15, 0, 3) (5, 0, 3) (185, 0, 10) (36, 0, 13) 
126 N : (46, 0, 1) (182, 0, 4) (105, 0, 7) (155, 0, 6) 
127 N : (3, 0, 4) (60, 0, 2) (155, 0, 9) (153, 0, 11) 
128 N : (13, 0, 3) (34, 0, 12) (100, 0, 12) (197, 0, 10) 
129 N : (130, 0, 0) (100, 0, 4) (48, 0, 11) (178, 0, 11) 
130 N : (129, 0, 0) (152, 0, 0) (196, 0, 0) (263, 0, 0) (267, 0, 1) (239, 0, 2) (305, 0, 1) (47, 0, 3) (175, 0, 3) (232, 0, 3) (99, 0, 2) (37, 0, 3) (281, 0, 3) (318, 0, 2) (132, 0, 3) (180, 0, 2) 
131 N : (17, 0, 1) (80, 0, 9) (120, 0, 6) (162, 0, 7) 
132 N : (38, 0, 1) (135, 0, 2) (228, 0, 14) (130, 0, 14) 
133 N : (32, 0, 2) (73, 0, 14) (63, 0, 11) (42, 0, 10) 
134 N : (135, 0, 0) (27, 0, 3) (113, 0, 8) 
135 N : (134, 0, 0) (180, 0, 1) (132, 0, 1) (37, 0, 1) (196, 0, 3) (305, 0, 0) (152, 0, 2) (26, 0, 2) (267, 0, 3) (177, 0, 2) (325, 0, 1) (263, 0, 3) 
136 N : (122, 0, 1) (42, 0, 5) (1, 0, 7) 
137 N : (62, 0, 2) (36, 0, 6) (270, 0, 4) (67, 0, 7) 
138 N : (94, 0, 2) (185, 0, 3) (115, 0, 8) 
139 N : (19, 0, 1) (96, 0, 7) (30, 0, 6) (5, 0, 14) 
140 N : (141, 0, 0) (7, 0, 8) (85, 0, 11) (65, 0, 12) 
141 N : (140, 0, 0) (6, 0, 1) (200, 0, 0) (224, 0, 0) (253, 0, 1) (164, 0, 1) (248, 0, 1) (294, 0, 0) (279, 0, 2) (202, 0, 2) (271, 0, 2) (77, 0, 1) (266, 0, 2) (210, 0, 3) (84, 0, 3) (254, 0, 3) 
142 N : (63, 0, 2) (82, 0, 3) (44, 0, 3) (53, 0, 13) 
143 N : (46, 0, 2) (89, 0, 7) (40, 0, 12) (7, 0, 14) 
144 N : (145, 0, 0) (89, 0, 9) (146, 0, 9) 
145 N : (144, 0, 0) (274, 0, 0) (261, 0, 1) (302, 0, 2) (292, 0, 3) (245, 0, 2) (262, 0, 2) (332, 0, 1) (225, 0, 3) (88, 0, 2) (308, 0, 2) (158, 0, 2) 
146 N : (31, 0, 1) (158, 0, 0) (101, 0, 3) (118, 0, 3) (88, 0, 1) (308, 0, 1) (282, 0, 2) (201, 0, 2) (323, 0, 2) (144, 0, 2) (179, 0, 3) (222, 0, 3) 
147 N : (96, 0, 1) (19, 0, 5) (30, 0, 8) (5, 0, 7) 
148 N : (149, 0, 0) (13, 0, 4) (102, 0, 11) (78, 0, 13) 
149 N : (148, 0, 0) (199, 0, 1) (240, 0, 0) (191, 0, 1) (258, 0, 0) (265, 0, 0) (286, 0, 0) (167, 0, 2) (171, 0, 2) (170, 0, 2) (247, 0, 3) (249, 0, 3) (106, 0, 1) (55, 0, 3) (69, 0, 3) (256, 0, 3) 
150 N : (89, 0, 1) (40, 0, 5) (7, 0, 12) (46, 0, 14) 
151 N : (62, 0, 4) (108, 0, 5) (27, 0, 9) (115, 0, 9) 
152 N : (130, 0, 1) (228, 0, 3) (135, 0, 6) (38, 0, 13) 
153 N : (59, 0, 1) (198, 0, 0) (14, 0, 1) (29, 0, 1) (231, 0, 1) (219, 0, 1) (237, 0, 1) (288, 0, 0) (57, 0, 1) (241, 0, 3) (184, 0, 3) (127, 0, 3) (327, 0, 1) (277, 0, 2) (243, 0, 3) (218, 0, 3) 
154 N : (155, 0, 0) (46, 0, 4) (182, 0, 1) (105, 0, 4) 
155 N : (154, 0, 0) (104, 0, 1) (219, 0, 0) (192, 0, 1) (59, 0, 2) (276, 0, 0) (126, 0, 3) (296, 0, 0) (237, 0, 2) (127, 0, 2) (198, 0, 1) (204, 0, 3) (327, 0, 2) (288, 0, 3) (277, 0, 3) (181, 0, 3) 
156 N : (13, 0, 5) (34, 0, 4) (197, 0, 8) (100, 0, 13) 
157 N : (98, 0, 2) (23, 0, 4) (60, 0, 9) (93, 0, 12) 
158 N : (146, 0, 1) (89, 0, 10) (145, 0, 11) 
159 N : (112, 0, 1) (200, 0, 1) (254, 0, 0) (266, 0, 0) (210, 0, 1) (294, 0, 1) (217, 0, 3) (287, 0, 1) (252, 0, 1) (326, 0, 0) (275, 0, 3) (244, 0, 3) (264, 0, 3) (164, 0, 3) (77, 0, 3) (253, 0, 3) 
160 N : (93, 0, 2) (25, 0, 9) (215, 0, 9) (111, 0, 8) 
161 N : (162, 0, 0) (80, 0, 3) (120, 0, 11) (17, 0, 15) 
162 N : (161, 0, 0) (166, 0, 0) (163, 0, 2) (312, 0, 1) (330, 0, 0) (297, 0, 1) (328, 0, 1) (131, 0, 3) (58, 0, 1) (119, 0, 3) (220, 0, 3) (79, 0, 3) 
163 N : (80, 0, 1) (120, 0, 3) (162, 0, 2) (17, 0, 9) 
164 N : (165, 0, 0) (141, 0, 5) (78, 0, 14) (159, 0, 13) 
165 N : (164, 0, 0) (234, 0, 0) (16, 0, 1) (253, 0, 2) (210, 0, 2) (290, 0, 1) (200, 0, 2) (294, 0, 2) (254, 0, 1) (205, 0, 2) (304, 0, 2) (319, 0, 1) (77, 0, 2) (266, 0, 3) (213, 0, 3) (174, 0, 3) 
166 N : (162, 0, 1) (120, 0, 4) (80, 0, 5) (17, 0, 6) 
167 N : (53, 0, 3) (80, 0, 7) (149, 0, 7) (203, 0, 9) 
168 N : (60, 0, 1) (98, 0, 11) (93, 0, 10) (23, 0, 11) 
169 N : (89, 0, 3) (7, 0, 6) (46, 0, 9) (40, 0, 10) 
170 N : (78, 0, 1) (102, 0, 5) (149, 0, 9) (13, 0, 10) 
171 N : (13, 0, 6) (102, 0, 6) (149, 0, 8) (78, 0, 9) 
172 N : (73, 0, 1) (42, 0, 6) (63, 0, 6) (32, 0, 15) 
173 N : (85, 0, 1) (108, 0, 4) (34, 0, 6) (21, 0, 8) 
174 N : (96, 0, 2) (17, 0, 4) (178, 0, 12) (165, 0, 15) 
175 N : (48, 0, 2) (178, 0, 9) (100, 0, 11) (130, 0, 8) 
176 N : (9, 0, 2) (105, 0, 1) (67, 0, 10) 
177 N : (27, 0, 2) (113, 0, 3) (135, 0, 9) 
178 N : (47, 0, 2) (232, 0, 1) (234, 0, 1) (239, 0, 0) (213, 0, 1) (281, 0, 0) (304, 0, 1) (290, 0, 2) (205, 0, 1) (175, 0, 1) (16, 0, 3) (129, 0, 3) (174, 0, 2) (319, 0, 2) (318, 0, 3) (99, 0, 3) 
179 N : (32, 0, 3) (23, 0, 8) (102, 0, 12) (146, 0, 10) 
180 N : (38, 0, 2) (135, 0, 1) (130, 0, 15) (228, 0, 15) 
181 N : (182, 0, 0) (46, 0, 7) (105, 0, 8) (155, 0, 15) 
182 N : (181, 0, 0) (154, 0, 2) (233, 0, 0) (204, 0, 1) (126, 0, 1) (298, 0, 0) (43, 0, 3) (276, 0, 2) (192, 0, 2) (97, 0, 3) (227, 0, 3) (91, 0, 3) (104, 0, 3) (214, 0, 2) (246, 0, 2) (296, 0, 2) 
183 N : (34, 0, 2) (85, 0, 8) (108, 0, 11) (21, 0, 11) 
184 N : (15, 0, 4) (38, 0, 3) (30, 0, 5) (153, 0, 10) 
185 N : (121, 0, 1) (186, 0, 0) (207, 0, 0) (138, 0, 1) (307, 0, 2) (223, 0, 1) (322, 0, 0) (278, 0, 2) (188, 0, 2) (18, 0, 1) (125, 0, 2) (35, 0, 3) 
186 N : (185, 0, 1) (5, 0, 10) (36, 0, 8) (15, 0, 15) 
187 N : (85, 0, 2) (21, 0, 3) (108, 0, 10) (34, 0, 13) 
188 N : (15, 0, 5) (5, 0, 8) (185, 0, 8) (36, 0, 7) 
189 N : (46, 0, 3) (89, 0, 4) (40, 0, 8) (7, 0, 15) 
190 N : (63, 0, 3) (82, 0, 5) (53, 0, 8) (44, 0, 12) 
191 N : (80, 0, 2) (149, 0, 3) (53, 0, 7) (203, 0, 3) 
192 N : (105, 0, 2) (155, 0, 3) (182, 0, 8) (46, 0, 11) 
193 N : (108, 0, 1) (115, 0, 1) (27, 0, 5) (62, 0, 12) 
194 N : (44, 0, 2) (63, 0, 5) (53, 0, 10) (82, 0, 12) 
195 N : (23, 0, 2) (60, 0, 8) (98, 0, 14) (93, 0, 15) 
196 N : (130, 0, 2) (228, 0, 0) (38, 0, 5) (135, 0, 4) 
197 N : (12, 0, 2) (109, 0, 1) (64, 0, 2) (284, 0, 1) (321, 0, 0) (324, 0, 0) (329, 0, 1) (306, 0, 2) (156, 0, 2) (229, 0, 2) (128, 0, 3) (315, 0, 2) 
198 N : (153, 0, 1) (155, 0, 10) (3, 0, 13) (60, 0, 15) 
199 N : (53, 0, 4) (149, 0, 1) (80, 0, 4) (203, 0, 8) 
200 N : (141, 0, 2) (159, 0, 1) (165, 0, 6) (78, 0, 6) 
201 N : (102, 0, 3) (32, 0, 8) (146, 0, 7) (23, 0, 14) 
202 N : (7, 0, 3) (85, 0, 7) (141, 0, 9) (65, 0, 15) 
203 N : (64, 0, 1) (247, 0, 0) (265, 0, 1) (191, 0, 3) (249, 0, 1) (258, 0, 1) (315, 0, 0) (306, 0, 1) (199, 0, 3) (167, 0, 3) (284, 0, 2) (286, 0, 3) 
204 N : (105, 0, 3) (182, 0, 3) (46, 0, 8) (155, 0, 11) 
205 N : (96, 0, 3) (178, 0, 8) (165, 0, 9) (17, 0, 12) 
206 N : (42, 0, 1) (1, 0, 4) (122, 0, 10) 
207 N : (185, 0, 2) (94, 0, 5) (115, 0, 10) 
208 N : (62, 0, 5) (67, 0, 9) (36, 0, 10) (270, 0, 9) 
209 N : (5, 0, 2) (96, 0, 8) (19, 0, 15) (30, 0, 15) 
210 N : (78, 0, 2) (159, 0, 4) (165, 0, 4) (141, 0, 13) 
211 N : (19, 0, 3) (73, 0, 13) (11, 0, 11) (3, 0, 15) 
212 N : (82, 0, 4) (9, 0, 4) (48, 0, 14) (1, 0, 8) 
213 N : (96, 0, 4) (178, 0, 4) (17, 0, 10) (165, 0, 14) 
214 N : (215, 0, 0) (98, 0, 9) (182, 0, 13) (44, 0, 15) 
215 N : (214, 0, 0) (116, 0, 1) (43, 0, 2) (255, 0, 1) (24, 0, 2) (91, 0, 2) (233, 0, 3) (227, 0, 2) (97, 0, 2) (160, 0, 2) (317, 0, 2) (320, 0, 3) (28, 0, 3) (298, 0, 3) (246, 0, 3) (334, 0, 3) 
216 N : (48, 0, 4) (82, 0, 11) (9, 0, 10) (1, 0, 10) 
217 N : (25, 0, 2) (11, 0, 9) (113, 0, 5) (159, 0, 6) 
218 N : (15, 0, 6) (30, 0, 7) (38, 0, 10) (153, 0, 15) 
219 N : (155, 0, 2) (153, 0, 5) (3, 0, 11) (60, 0, 13) 
220 N : (17, 0, 3) (80, 0, 8) (120, 0, 10) (162, 0, 10) 
221 N : (53, 0, 5) (63, 0, 4) (82, 0, 8) (44, 0, 11) 
222 N : (102, 0, 4) (23, 0, 6) (32, 0, 12) (146, 0, 11) 
223 N : (36, 0, 2) (185, 0, 5) (5, 0, 6) (15, 0, 12) 
224 N : (141, 0, 3) (65, 0, 5) (7, 0, 7) (85, 0, 15) 
225 N : (226, 0, 0) (228, 0, 4) (122, 0, 8) (145, 0, 8) 
226 N : (225, 0, 0) (261, 0, 0) (292, 0, 0) (302, 0, 0) (274, 0, 3) (297, 0, 2) (328, 0, 2) (262, 0, 3) (245, 0, 3) (332, 0, 2) (58, 0, 2) (330, 0, 2) 
227 N : (98, 0, 5) (44, 0, 9) (215, 0, 7) (182, 0, 10) 
228 N : (196, 0, 1) (245, 0, 0) (262, 0, 0) (152, 0, 1) (225, 0, 1) (274, 0, 2) (263, 0, 1) (302, 0, 1) (261, 0, 2) (292, 0, 1) (37, 0, 2) (267, 0, 2) (332, 0, 0) (305, 0, 2) (132, 0, 2) (180, 0, 3) 
229 N : (100, 0, 3) (13, 0, 8) (197, 0, 9) (34, 0, 15) 
230 N : (30, 0, 2) (5, 0, 5) (19, 0, 10) (96, 0, 15) 
231 N : (30, 0, 3) (153, 0, 4) (38, 0, 7) (15, 0, 11) 
232 N : (48, 0, 5) (178, 0, 1) (100, 0, 6) (130, 0, 9) 
233 N : (182, 0, 2) (44, 0, 5) (98, 0, 8) (215, 0, 6) 
234 N : (165, 0, 1) (178, 0, 2) (96, 0, 10) (17, 0, 14) 
235 N : (96, 0, 5) (19, 0, 7) (5, 0, 9) (30, 0, 12) 
236 N : (85, 0, 3) (21, 0, 4) (108, 0, 9) (34, 0, 5) 
237 N : (60, 0, 3) (153, 0, 6) (155, 0, 8) (3, 0, 10) 
238 N : (36, 0, 3) (270, 0, 1) (62, 0, 10) (67, 0, 11) 
239 N : (178, 0, 3) (48, 0, 8) (130, 0, 5) (100, 0, 7) 
240 N : (149, 0, 2) (13, 0, 7) (102, 0, 13) (78, 0, 12) 
241 N : (15, 0, 7) (30, 0, 4) (38, 0, 8) (153, 0, 9) 
242 N : (65, 0, 3) (51, 0, 7) (94, 0, 11) (40, 0, 15) 
243 N : (38, 0, 4) (15, 0, 10) (30, 0, 13) (153, 0, 14) 
244 N : (113, 0, 1) (25, 0, 4) (11, 0, 10) (159, 0, 11) 
245 N : (228, 0, 1) (122, 0, 4) (145, 0, 5) (226, 0, 8) 
246 N : (98, 0, 7) (44, 0, 6) (182, 0, 14) (215, 0, 14) 
247 N : (203, 0, 1) (53, 0, 11) (80, 0, 11) (149, 0, 10) 
248 N : (7, 0, 5) (141, 0, 6) (65, 0, 8) (85, 0, 12) 
249 N : (53, 0, 6) (203, 0, 4) (80, 0, 12) (149, 0, 11) 
250 N : (42, 0, 2) (32, 0, 6) (63, 0, 8) (73, 0, 15) 
251 N : (27, 0, 4) (62, 0, 7) (115, 0, 5) (108, 0, 14) 
252 N : (25, 0, 3) (159, 0, 8) (113, 0, 9) (11, 0, 15) 
253 N : (78, 0, 3) (141, 0, 4) (165, 0, 3) (159, 0, 15) 
254 N : (159, 0, 2) (165, 0, 8) (78, 0, 11) (141, 0, 15) 
255 N : (93, 0, 3) (215, 0, 3) (111, 0, 4) (25, 0, 12) 
256 N : (102, 0, 7) (78, 0, 8) (13, 0, 15) (149, 0, 15) 
257 N : (73, 0, 5) (42, 0, 8) (32, 0, 14) (63, 0, 14) 
258 N : (149, 0, 4) (203, 0, 5) (53, 0, 14) (80, 0, 15) 
259 N : (36, 0, 4) (67, 0, 3) (270, 0, 6) (62, 0, 14) 
260 N : (96, 0, 6) (19, 0, 9) (5, 0, 12) (30, 0, 14) 
261 N : (226, 0, 1) (145, 0, 2) (228, 0, 8) (122, 0, 9) 
262 N : (228, 0, 2) (122, 0, 7) (145, 0, 6) (226, 0, 7) 
263 N : (130, 0, 3) (228, 0, 6) (38, 0, 9) (135, 0, 11) 
264 N : (11, 0, 5) (113, 0, 4) (25, 0, 6) (159, 0, 12) 
265 N : (149, 0, 5) (203, 0, 2) (80, 0, 13) (53, 0, 15) 
266 N : (159, 0, 3) (78, 0, 4) (141, 0, 12) (165, 0, 13) 
267 N : (38, 0, 6) (130, 0, 4) (228, 0, 11) (135, 0, 8) 
268 N : (62, 0, 8) (67, 0, 4) (36, 0, 14) (270, 0, 11) 
269 N : (9, 0, 3) (82, 0, 10) (1, 0, 11) (48, 0, 15) 
270 N : (76, 0, 2) (238, 0, 1) (293, 0, 0) (110, 0, 2) (137, 0, 2) (61, 0, 3) (259, 0, 2) (333, 0, 2) (285, 0, 2) (208, 0, 3) (311, 0, 2) (268, 0, 3) 
271 N : (85, 0, 5) (65, 0, 9) (141, 0, 10) (7, 0, 10) 
272 N : (11, 0, 7) (19, 0, 6) (73, 0, 9) (3, 0, 9) 
273 N : (65, 0, 6) (51, 0, 10) (40, 0, 14) (94, 0, 10) 
274 N : (145, 0, 1) (122, 0, 3) (228, 0, 5) (226, 0, 4) 
275 N : (11, 0, 8) (113, 0, 6) (25, 0, 10) (159, 0, 10) 
276 N : (155, 0, 5) (105, 0, 6) (182, 0, 7) (46, 0, 10) 
277 N : (3, 0, 5) (60, 0, 4) (153, 0, 13) (155, 0, 14) 
278 N : (5, 0, 4) (36, 0, 5) (185, 0, 7) (15, 0, 14) 
279 N : (85, 0, 6) (65, 0, 10) (141, 0, 8) (7, 0, 9) 
280 N : (1, 0, 3) (9, 0, 5) (82, 0, 6) (48, 0, 13) 
281 N : (178, 0, 5) (100, 0, 5) (48, 0, 10) (130, 0, 12) 
282 N : (102, 0, 8) (23, 0, 7) (146, 0, 6) (32, 0, 11) 
283 N : (122, 0, 2) (42, 0, 3) (1, 0, 9) 
284 N : (51, 0, 5) (197, 0, 3) (203, 0, 10) 
285 N : (111, 0, 2) (120, 0, 5) (270, 0, 8) 
286 N : (149, 0, 6) (53, 0, 12) (80, 0, 14) (203, 0, 11) 
287 N : (25, 0, 5) (159, 0, 7) (113, 0, 7) (11, 0, 12) 
288 N : (153, 0, 7) (3, 0, 8) (60, 0, 7) (155, 0, 13) 
289 N : (93, 0, 4) (23, 0, 9) (98, 0, 10) (60, 0, 11) 
290 N : (17, 0, 5) (165, 0, 5) (178, 0, 7) (96, 0, 14) 
291 N : (115, 0, 2) (108, 0, 6) (27, 0, 7) (62, 0, 15) 
292 N : (226, 0, 2) (228, 0, 9) (122, 0, 5) (145, 0, 4) 
293 N : (270, 0, 2) (67, 0, 5) (62, 0, 13) (36, 0, 12) 
294 N : (141, 0, 7) (159, 0, 5) (165, 0, 7) (78, 0, 10) 
295 N : (62, 0, 9) (108, 0, 8) (115, 0, 4) (27, 0, 11) 
296 N : (155, 0, 7) (105, 0, 9) (182, 0, 15) (46, 0, 15) 
297 N : (21, 0, 5) (162, 0, 5) (226, 0, 5) 
298 N : (182, 0, 5) (44, 0, 10) (98, 0, 12) (215, 0, 13) 
299 N : (40, 0, 6) (51, 0, 9) (94, 0, 7) (65, 0, 14) 
300 N : (53, 0, 9) (82, 0, 9) (63, 0, 13) (44, 0, 14) 
301 N : (48, 0, 7) (1, 0, 5) (9, 0, 11) (82, 0, 15) 
302 N : (226, 0, 3) (228, 0, 7) (145, 0, 3) (122, 0, 6) 
303 N : (108, 0, 7) (21, 0, 6) (34, 0, 7) (85, 0, 10) 
304 N : (96, 0, 9) (178, 0, 6) (165, 0, 10) (17, 0, 11) 
305 N : (135, 0, 5) (130, 0, 6) (228, 0, 13) (38, 0, 14) 
306 N : (51, 0, 6) (203, 0, 7) (197, 0, 7) 
307 N : (94, 0, 6) (115, 0, 3) (185, 0, 4) 
308 N : (89, 0, 6) (146, 0, 5) (145, 0, 10) 
309 N : (20, 0, 2) 
310 N : (51, 0, 8) (65, 0, 11) (94, 0, 8) (40, 0, 13) 
311 N : (111, 0, 5) (120, 0, 7) (270, 0, 10) 
312 N : (80, 0, 10) (162, 0, 3) (120, 0, 8) (17, 0, 13) 
313 N : (32, 0, 9) (73, 0, 12) (42, 0, 9) (63, 0, 15) 
314 N : (23, 0, 10) (93, 0, 8) (60, 0, 14) (98, 0, 15) 
315 N : (203, 0, 6) (51, 0, 11) (197, 0, 11) 
316 N : (93, 0, 6) (23, 0, 13) (60, 0, 12) (98, 0, 13) 
317 N : (93, 0, 9) (111, 0, 7) (215, 0, 10) (25, 0, 14) 
318 N : (48, 0, 9) (100, 0, 8) (130, 0, 13) (178, 0, 14) 
319 N : (17, 0, 7) (165, 0, 11) (178, 0, 13) (96, 0, 13) 
320 N : (111, 0, 6) (25, 0, 11) (93, 0, 13) (215, 0, 11) 
321 N : (197, 0, 4) (100, 0, 9) (34, 0, 11) (13, 0, 14) 
322 N : (185, 0, 6) (115, 0, 7) (94, 0, 9) 
323 N : (102, 0, 10) (32, 0, 10) (146, 0, 8) (23, 0, 15) 
324 N : (197, 0, 5) (13, 0, 9) (34, 0, 9) (100, 0, 14) 
325 N : (27, 0, 6) (135, 0, 10) (113, 0, 11) 
326 N : (159, 0, 9) (113, 0, 10) (11, 0, 13) (25, 0, 15) 
327 N : (60, 0, 6) (153, 0, 12) (155, 0, 12) (3, 0, 14) 
328 N : (21, 0, 7) (162, 0, 6) (226, 0, 6) 
329 N : (100, 0, 10) (197, 0, 6) (13, 0, 12) (34, 0, 14) 
330 N : (162, 0, 4) (21, 0, 9) (226, 0, 11) 
331 N : (67, 0, 8) (9, 0, 9) (105, 0, 11) 
332 N : (228, 0, 12) (145, 0, 7) (226, 0, 9) (122, 0, 11) 
333 N : (120, 0, 9) (111, 0, 9) (270, 0, 7) 
334 N : (25, 0, 13) (93, 0, 14) (111, 0, 11) (215, 0, 15) 
Czy pusty: 0 0 Num = (335, 335) In N = 335 in X = (0, 0) in D = (0, 0) in U = (0, 0)
=U
=X
